  [1m[35m (0.1ms)[0m  [1m[34mSELECT sqlite_version(*)[0m
  ↳ bin/rails:9
  [1m[35m (9.0ms)[0m  [1m[35mCREATE TABLE "schema_migrations" ("version" varchar NOT NULL PRIMARY KEY)[0m
  ↳ bin/rails:9
  [1m[35m (6.5ms)[0m  [1m[35mCREATE TABLE "ar_internal_metadata" ("key" varchar NOT NULL PRIMARY KEY, "value" varchar, "created_at" datetime NOT NULL, "updated_at" datetime NOT NULL)[0m
  ↳ bin/rails:9
  [1m[35m (0.2ms)[0m  [1m[34mSELECT "schema_migrations"."version" FROM "schema_migrations" ORDER BY "schema_migrations"."version" ASC[0m
  ↳ bin/rails:9
Migrating to CreateUsers (20180926130626)
  [1m[35m (0.1ms)[0m  [1m[36mbegin transaction[0m
  ↳ bin/rails:9
  [1m[35m (0.3ms)[0m  [1m[35mCREATE TABLE "users" ("id" integer PRIMARY KEY AUTOINCREMENT NOT NULL, "name" varchar, "email" varchar, "created_at" datetime NOT NULL, "updated_at" datetime NOT NULL)[0m
  ↳ db/migrate/20180926130626_create_users.rb:3
  [1m[36mActiveRecord::SchemaMigration Create (0.1ms)[0m  [1m[32mINSERT INTO "schema_migrations" ("version") VALUES (?)[0m  [["version", "20180926130626"]]
  ↳ bin/rails:9
  [1m[35m (6.8ms)[0m  [1m[36mcommit transaction[0m
  ↳ bin/rails:9
  [1m[36mActiveRecord::InternalMetadata Load (0.3ms)[0m  [1m[34mSELECT  "ar_internal_metadata".* FROM "ar_internal_metadata" WHERE "ar_internal_metadata"."key" = ? LIMIT ?[0m  [["key", "environment"], ["LIMIT", 1]]
  ↳ bin/rails:9
  [1m[35m (0.0ms)[0m  [1m[36mbegin transaction[0m
  ↳ bin/rails:9
  [1m[36mActiveRecord::InternalMetadata Create (0.2ms)[0m  [1m[32mINSERT INTO "ar_internal_metadata" ("key", "value", "created_at", "updated_at") VALUES (?, ?, ?, ?)[0m  [["key", "environment"], ["value", "development"], ["created_at", "2018-09-26 13:06:32.430759"], ["updated_at", "2018-09-26 13:06:32.430759"]]
  ↳ bin/rails:9
  [1m[35m (5.4ms)[0m  [1m[36mcommit transaction[0m
  ↳ bin/rails:9
  [1m[35m (0.1ms)[0m  [1m[34mSELECT "schema_migrations"."version" FROM "schema_migrations" ORDER BY "schema_migrations"."version" ASC[0m
  ↳ bin/rails:9
Started GET "/users" for 127.0.0.1 at 2018-09-27 09:01:53 +0900
  [1m[35m (0.2ms)[0m  [1m[34mSELECT "schema_migrations"."version" FROM "schema_migrations" ORDER BY "schema_migrations"."version" ASC[0m
  ↳ /home/rurito/.rbenv/versions/2.5.0/lib/ruby/gems/2.5.0/gems/activerecord-5.2.1/lib/active_record/log_subscriber.rb:98
Processing by UsersController#index as HTML
  Rendering users/index.html.erb within layouts/application
  [1m[36mUser Load (0.1ms)[0m  [1m[34mSELECT "users".* FROM "users"[0m
  ↳ app/views/users/index.html.erb:15
  Rendered users/index.html.erb within layouts/application (2.7ms)
Completed 200 OK in 630ms (Views: 622.3ms | ActiveRecord: 0.4ms)


Started GET "/users/new" for 127.0.0.1 at 2018-09-27 09:01:58 +0900
Processing by UsersController#new as HTML
  Rendering users/new.html.erb within layouts/application
  Rendered users/_form.html.erb (22.3ms)
  Rendered users/new.html.erb within layouts/application (23.8ms)
Completed 200 OK in 49ms (Views: 36.1ms | ActiveRecord: 1.6ms)


Started POST "/users" for 127.0.0.1 at 2018-09-27 09:02:09 +0900
Processing by UsersController#create as HTML
  Parameters: {"utf8"=>"✓", "authenticity_token"=>"VR8WJTyCcvMxTgiIRBs80LEIrXdS4u8MvbkA6AEl7k0hGl3MksQJcHTZqhHxGRQNpcJ96Bg75oTB2yW2jlLohA==", "user"=>{"name"=>"rurito", "email"=>"ruriro0125@gmail.com"}, "commit"=>"Create User"}
  [1m[35m (0.4ms)[0m  [1m[36mbegin transaction[0m
  ↳ app/controllers/users_controller.rb:30
  [1m[36mUser Create (1.2ms)[0m  [1m[32mINSERT INTO "users" ("name", "email", "created_at", "updated_at") VALUES (?, ?, ?, ?)[0m  [["name", "rurito"], ["email", "ruriro0125@gmail.com"], ["created_at", "2018-09-27 00:02:09.122062"], ["updated_at", "2018-09-27 00:02:09.122062"]]
  ↳ app/controllers/users_controller.rb:30
  [1m[35m (8.3ms)[0m  [1m[36mcommit transaction[0m
  ↳ app/controllers/users_controller.rb:30
Redirected to http://0.0.0.0:3000/users/1
Completed 302 Found in 31ms (ActiveRecord: 9.9ms)


Started GET "/users/1" for 127.0.0.1 at 2018-09-27 09:02:09 +0900
Processing by UsersController#show as HTML
  Parameters: {"id"=>"1"}
  [1m[36mUser Load (0.4ms)[0m  [1m[34mSELECT  "users".* FROM "users" WHERE "users"."id" = ? LIMIT ?[0m  [["id", 1], ["LIMIT", 1]]
  ↳ app/controllers/users_controller.rb:67
  Rendering users/show.html.erb within layouts/application
  Rendered users/show.html.erb within layouts/application (1.5ms)
Completed 200 OK in 23ms (Views: 16.9ms | ActiveRecord: 0.4ms)


Started GET "/users" for 127.0.0.1 at 2018-09-27 09:02:11 +0900
Processing by UsersController#index as HTML
  Rendering users/index.html.erb within layouts/application
  [1m[36mUser Load (0.3ms)[0m  [1m[34mSELECT "users".* FROM "users"[0m
  ↳ app/views/users/index.html.erb:15
  Rendered users/index.html.erb within layouts/application (3.2ms)
Completed 200 OK in 24ms (Views: 21.6ms | ActiveRecord: 0.3ms)


Started GET "/users/1" for 127.0.0.1 at 2018-09-27 09:02:14 +0900
Processing by UsersController#show as HTML
  Parameters: {"id"=>"1"}
  [1m[36mUser Load (0.6ms)[0m  [1m[34mSELECT  "users".* FROM "users" WHERE "users"."id" = ? LIMIT ?[0m  [["id", 1], ["LIMIT", 1]]
  ↳ app/controllers/users_controller.rb:67
  Rendering users/show.html.erb within layouts/application
  Rendered users/show.html.erb within layouts/application (3.8ms)
Completed 200 OK in 60ms (Views: 50.3ms | ActiveRecord: 0.6ms)


Started GET "/users/1/edit" for 127.0.0.1 at 2018-09-27 09:02:15 +0900
Processing by UsersController#edit as HTML
  Parameters: {"id"=>"1"}
  [1m[36mUser Load (0.4ms)[0m  [1m[34mSELECT  "users".* FROM "users" WHERE "users"."id" = ? LIMIT ?[0m  [["id", 1], ["LIMIT", 1]]
  ↳ app/controllers/users_controller.rb:67
  Rendering users/edit.html.erb within layouts/application
  Rendered users/_form.html.erb (8.5ms)
  Rendered users/edit.html.erb within layouts/application (13.6ms)
Completed 200 OK in 68ms (Views: 57.7ms | ActiveRecord: 0.4ms)


Started PATCH "/users/1" for 127.0.0.1 at 2018-09-27 09:02:16 +0900
Processing by UsersController#update as HTML
  Parameters: {"utf8"=>"✓", "authenticity_token"=>"rPaxQXX0b1OAEocpqoKnOuVbDDSb52FFrxInTXRkpPhnhdJmWEHxWc1Tdr0NsjAixYzd9FptprmmVATiFx4AHg==", "user"=>{"name"=>"rurito", "email"=>"ruriro0125@gmail.com"}, "commit"=>"Update User", "id"=>"1"}
  [1m[36mUser Load (0.4ms)[0m  [1m[34mSELECT  "users".* FROM "users" WHERE "users"."id" = ? LIMIT ?[0m  [["id", 1], ["LIMIT", 1]]
  ↳ app/controllers/users_controller.rb:67
  [1m[35m (0.1ms)[0m  [1m[36mbegin transaction[0m
  ↳ app/controllers/users_controller.rb:44
  [1m[35m (0.1ms)[0m  [1m[36mcommit transaction[0m
  ↳ app/controllers/users_controller.rb:44
Redirected to http://0.0.0.0:3000/users/1
Completed 302 Found in 7ms (ActiveRecord: 0.6ms)


Started GET "/users/1" for 127.0.0.1 at 2018-09-27 09:02:16 +0900
Processing by UsersController#show as HTML
  Parameters: {"id"=>"1"}
  [1m[36mUser Load (0.2ms)[0m  [1m[34mSELECT  "users".* FROM "users" WHERE "users"."id" = ? LIMIT ?[0m  [["id", 1], ["LIMIT", 1]]
  ↳ app/controllers/users_controller.rb:67
  Rendering users/show.html.erb within layouts/application
  Rendered users/show.html.erb within layouts/application (1.0ms)
Completed 200 OK in 22ms (Views: 19.0ms | ActiveRecord: 0.2ms)


Started GET "/users" for 127.0.0.1 at 2018-09-27 09:13:36 +0900
Processing by UsersController#index as HTML
  Rendering users/index.html.erb within layouts/application
  [1m[36mUser Load (0.2ms)[0m  [1m[34mSELECT "users".* FROM "users"[0m
  ↳ app/views/users/index.html.erb:15
  Rendered users/index.html.erb within layouts/application (2.0ms)
Completed 200 OK in 32ms (Views: 30.5ms | ActiveRecord: 0.2ms)


Started GET "/users" for 127.0.0.1 at 2018-09-27 09:14:39 +0900
Processing by UsersController#index as HTML
  Rendering users/index.html.erb within layouts/application
  [1m[36mUser Load (0.2ms)[0m  [1m[34mSELECT "users".* FROM "users"[0m
  ↳ app/views/users/index.html.erb:15
  Rendered users/index.html.erb within layouts/application (1.9ms)
Completed 200 OK in 25ms (Views: 23.1ms | ActiveRecord: 0.2ms)


Started GET "/users/new" for 127.0.0.1 at 2018-09-27 09:44:35 +0900
Processing by UsersController#new as HTML
  Rendering users/new.html.erb within layouts/application
  Rendered users/_form.html.erb (3.0ms)
  Rendered users/new.html.erb within layouts/application (4.9ms)
Completed 200 OK in 26ms (Views: 23.4ms | ActiveRecord: 0.0ms)


Started POST "/users" for 127.0.0.1 at 2018-09-27 09:44:41 +0900
Processing by UsersController#create as HTML
  Parameters: {"utf8"=>"✓", "authenticity_token"=>"UbrMWMDvy3AK22rGFt8gppQb7VI0NE7W4iSzEPGgZtY9+zWn9ejwhey7vc4QGnaK3oj9T+H1WOs7mAkv42kr3Q==", "user"=>{"name"=>"a", "email"=>"a"}, "commit"=>"Create User"}
  [1m[35m (0.5ms)[0m  [1m[36mbegin transaction[0m
  ↳ app/controllers/users_controller.rb:30
  [1m[36mUser Create (3.4ms)[0m  [1m[32mINSERT INTO "users" ("name", "email", "created_at", "updated_at") VALUES (?, ?, ?, ?)[0m  [["name", "a"], ["email", "a"], ["created_at", "2018-09-27 00:44:41.575005"], ["updated_at", "2018-09-27 00:44:41.575005"]]
  ↳ app/controllers/users_controller.rb:30
  [1m[35m (7.4ms)[0m  [1m[36mcommit transaction[0m
  ↳ app/controllers/users_controller.rb:30
Redirected to http://0.0.0.0:3000/users/2
Completed 302 Found in 32ms (ActiveRecord: 11.3ms)


Started GET "/users/2" for 127.0.0.1 at 2018-09-27 09:44:41 +0900
Processing by UsersController#show as HTML
  Parameters: {"id"=>"2"}
  [1m[36mUser Load (0.3ms)[0m  [1m[34mSELECT  "users".* FROM "users" WHERE "users"."id" = ? LIMIT ?[0m  [["id", 2], ["LIMIT", 1]]
  ↳ app/controllers/users_controller.rb:67
  Rendering users/show.html.erb within layouts/application
  Rendered users/show.html.erb within layouts/application (1.3ms)
Completed 200 OK in 22ms (Views: 19.3ms | ActiveRecord: 0.3ms)


Started GET "/users" for 127.0.0.1 at 2018-09-27 09:45:19 +0900
Processing by UsersController#index as HTML
  Rendering users/index.html.erb within layouts/application
  [1m[36mUser Load (0.4ms)[0m  [1m[34mSELECT "users".* FROM "users"[0m
  ↳ app/views/users/index.html.erb:15
  Rendered users/index.html.erb within layouts/application (4.5ms)
Completed 200 OK in 35ms (Views: 31.5ms | ActiveRecord: 0.4ms)


Started DELETE "/users/2" for 127.0.0.1 at 2018-09-27 09:45:23 +0900
Processing by UsersController#destroy as HTML
  Parameters: {"authenticity_token"=>"yWs/Gkpx9pD8TLc0Ydem9vDcBUJ7KnEN0HSfIAltFf6VyaAPZbttHhIATvLyDkU5biQB36EMKtE9Lfm7eSOQDg==", "id"=>"2"}
  [1m[36mUser Load (0.1ms)[0m  [1m[34mSELECT  "users".* FROM "users" WHERE "users"."id" = ? LIMIT ?[0m  [["id", 2], ["LIMIT", 1]]
  ↳ app/controllers/users_controller.rb:67
  [1m[35m (0.1ms)[0m  [1m[36mbegin transaction[0m
  ↳ app/controllers/users_controller.rb:57
  [1m[36mUser Destroy (0.2ms)[0m  [1m[31mDELETE FROM "users" WHERE "users"."id" = ?[0m  [["id", 2]]
  ↳ app/controllers/users_controller.rb:57
  [1m[35m (7.2ms)[0m  [1m[36mcommit transaction[0m
  ↳ app/controllers/users_controller.rb:57
Redirected to http://0.0.0.0:3000/users
Completed 302 Found in 15ms (ActiveRecord: 7.7ms)


Started GET "/users" for 127.0.0.1 at 2018-09-27 09:45:23 +0900
Processing by UsersController#index as HTML
  Rendering users/index.html.erb within layouts/application
  [1m[36mUser Load (0.2ms)[0m  [1m[34mSELECT "users".* FROM "users"[0m
  ↳ app/views/users/index.html.erb:15
  Rendered users/index.html.erb within layouts/application (2.1ms)
Completed 200 OK in 19ms (Views: 17.2ms | ActiveRecord: 0.2ms)


Started GET "/users/new" for 127.0.0.1 at 2018-09-27 09:45:24 +0900
Processing by UsersController#new as HTML
  Rendering users/new.html.erb within layouts/application
  Rendered users/_form.html.erb (4.9ms)
  Rendered users/new.html.erb within layouts/application (8.8ms)
Completed 200 OK in 41ms (Views: 36.4ms | ActiveRecord: 0.0ms)


Started POST "/users" for 127.0.0.1 at 2018-09-27 09:45:27 +0900
Processing by UsersController#create as HTML
  Parameters: {"utf8"=>"✓", "authenticity_token"=>"/z1OgsB1RpPDLmUVguj+igVM1ijW41ILtfAzcMNRO0uTfLd99XJ9ZiVOsh2ELaimT9/GNQMiRDZsTIlP0Zh2QA==", "user"=>{"name"=>"a", "email"=>""}, "commit"=>"Create User"}
  [1m[35m (0.1ms)[0m  [1m[36mbegin transaction[0m
  ↳ app/controllers/users_controller.rb:30
  [1m[36mUser Create (0.6ms)[0m  [1m[32mINSERT INTO "users" ("name", "email", "created_at", "updated_at") VALUES (?, ?, ?, ?)[0m  [["name", "a"], ["email", ""], ["created_at", "2018-09-27 00:45:27.443733"], ["updated_at", "2018-09-27 00:45:27.443733"]]
  ↳ app/controllers/users_controller.rb:30
  [1m[35m (6.2ms)[0m  [1m[36mcommit transaction[0m
  ↳ app/controllers/users_controller.rb:30
Redirected to http://0.0.0.0:3000/users/3
Completed 302 Found in 15ms (ActiveRecord: 6.9ms)


Started GET "/users/3" for 127.0.0.1 at 2018-09-27 09:45:27 +0900
Processing by UsersController#show as HTML
  Parameters: {"id"=>"3"}
  [1m[36mUser Load (0.2ms)[0m  [1m[34mSELECT  "users".* FROM "users" WHERE "users"."id" = ? LIMIT ?[0m  [["id", 3], ["LIMIT", 1]]
  ↳ app/controllers/users_controller.rb:67
  Rendering users/show.html.erb within layouts/application
  Rendered users/show.html.erb within layouts/application (1.3ms)
Completed 200 OK in 17ms (Views: 14.2ms | ActiveRecord: 0.2ms)


Started GET "/users/3/edit" for 127.0.0.1 at 2018-09-27 09:45:40 +0900
Processing by UsersController#edit as HTML
  Parameters: {"id"=>"3"}
  [1m[36mUser Load (0.4ms)[0m  [1m[34mSELECT  "users".* FROM "users" WHERE "users"."id" = ? LIMIT ?[0m  [["id", 3], ["LIMIT", 1]]
  ↳ app/controllers/users_controller.rb:67
  Rendering users/edit.html.erb within layouts/application
  Rendered users/_form.html.erb (8.2ms)
  Rendered users/edit.html.erb within layouts/application (12.9ms)
Completed 200 OK in 50ms (Views: 44.4ms | ActiveRecord: 0.4ms)


Started PATCH "/users/3" for 127.0.0.1 at 2018-09-27 09:45:52 +0900
Processing by UsersController#update as HTML
  Parameters: {"utf8"=>"✓", "authenticity_token"=>"1pVFsjZ2jacSFfA+bf92pN04eEK4NuOC/0zPNL7rD1j2NpPf8QXtFqKnxwaj/mUxc4yrkohCKVoLkVGyE1zhtg==", "user"=>{"name"=>"", "email"=>"example@com"}, "commit"=>"Update User", "id"=>"3"}
  [1m[36mUser Load (0.2ms)[0m  [1m[34mSELECT  "users".* FROM "users" WHERE "users"."id" = ? LIMIT ?[0m  [["id", 3], ["LIMIT", 1]]
  ↳ app/controllers/users_controller.rb:67
  [1m[35m (0.1ms)[0m  [1m[36mbegin transaction[0m
  ↳ app/controllers/users_controller.rb:44
  [1m[36mUser Update (4.0ms)[0m  [1m[33mUPDATE "users" SET "name" = ?, "email" = ?, "updated_at" = ? WHERE "users"."id" = ?[0m  [["name", ""], ["email", "example@com"], ["updated_at", "2018-09-27 00:45:52.019792"], ["id", 3]]
  ↳ app/controllers/users_controller.rb:44
  [1m[35m (7.2ms)[0m  [1m[36mcommit transaction[0m
  ↳ app/controllers/users_controller.rb:44
Redirected to http://0.0.0.0:3000/users/3
Completed 302 Found in 20ms (ActiveRecord: 11.6ms)


Started GET "/users/3" for 127.0.0.1 at 2018-09-27 09:45:52 +0900
Processing by UsersController#show as HTML
  Parameters: {"id"=>"3"}
  [1m[36mUser Load (0.1ms)[0m  [1m[34mSELECT  "users".* FROM "users" WHERE "users"."id" = ? LIMIT ?[0m  [["id", 3], ["LIMIT", 1]]
  ↳ app/controllers/users_controller.rb:67
  Rendering users/show.html.erb within layouts/application
  Rendered users/show.html.erb within layouts/application (0.9ms)
Completed 200 OK in 17ms (Views: 15.0ms | ActiveRecord: 0.1ms)


Started GET "/users" for 127.0.0.1 at 2018-09-27 09:45:57 +0900
Processing by UsersController#index as HTML
  Rendering users/index.html.erb within layouts/application
  [1m[36mUser Load (0.4ms)[0m  [1m[34mSELECT "users".* FROM "users"[0m
  ↳ app/views/users/index.html.erb:15
  Rendered users/index.html.erb within layouts/application (3.9ms)
Completed 200 OK in 31ms (Views: 27.7ms | ActiveRecord: 0.4ms)


Started DELETE "/users/3" for 127.0.0.1 at 2018-09-27 09:45:59 +0900
Processing by UsersController#destroy as HTML
  Parameters: {"authenticity_token"=>"JtU9HTJBp7gvyyETYVJtElroEYG4d9XObSHWLYkkVv56d6IIHYs8NsGH2NXyi47dxBAVHGJRjhKAeLC2+WrTDg==", "id"=>"3"}
  [1m[36mUser Load (0.2ms)[0m  [1m[34mSELECT  "users".* FROM "users" WHERE "users"."id" = ? LIMIT ?[0m  [["id", 3], ["LIMIT", 1]]
  ↳ app/controllers/users_controller.rb:67
  [1m[35m (0.2ms)[0m  [1m[36mbegin transaction[0m
  ↳ app/controllers/users_controller.rb:57
  [1m[36mUser Destroy (0.6ms)[0m  [1m[31mDELETE FROM "users" WHERE "users"."id" = ?[0m  [["id", 3]]
  ↳ app/controllers/users_controller.rb:57
  [1m[35m (7.0ms)[0m  [1m[36mcommit transaction[0m
  ↳ app/controllers/users_controller.rb:57
Redirected to http://0.0.0.0:3000/users
Completed 302 Found in 17ms (ActiveRecord: 8.0ms)


Started GET "/users" for 127.0.0.1 at 2018-09-27 09:45:59 +0900
Processing by UsersController#index as HTML
  Rendering users/index.html.erb within layouts/application
  [1m[36mUser Load (0.2ms)[0m  [1m[34mSELECT "users".* FROM "users"[0m
  ↳ app/views/users/index.html.erb:15
  Rendered users/index.html.erb within layouts/application (1.9ms)
Completed 200 OK in 20ms (Views: 18.6ms | ActiveRecord: 0.2ms)


  [1m[35m (0.1ms)[0m  [1m[34mSELECT "schema_migrations"."version" FROM "schema_migrations" ORDER BY "schema_migrations"."version" ASC[0m
  ↳ bin/rails:9
Migrating to CreateMicroposts (20180927011204)
  [1m[35m (0.1ms)[0m  [1m[36mbegin transaction[0m
  ↳ bin/rails:9
  [1m[35m (0.1ms)[0m  [1m[34mSELECT sqlite_version(*)[0m
  ↳ db/migrate/20180927011204_create_microposts.rb:3
  [1m[35m (0.2ms)[0m  [1m[35mCREATE TABLE "microposts" ("id" integer PRIMARY KEY AUTOINCREMENT NOT NULL, "content" text, "user_id" integer, "created_at" datetime NOT NULL, "updated_at" datetime NOT NULL)[0m
  ↳ db/migrate/20180927011204_create_microposts.rb:3
  [1m[36mActiveRecord::SchemaMigration Create (0.1ms)[0m  [1m[32mINSERT INTO "schema_migrations" ("version") VALUES (?)[0m  [["version", "20180927011204"]]
  ↳ bin/rails:9
  [1m[35m (8.0ms)[0m  [1m[36mcommit transaction[0m
  ↳ bin/rails:9
  [1m[36mActiveRecord::InternalMetadata Load (0.3ms)[0m  [1m[34mSELECT  "ar_internal_metadata".* FROM "ar_internal_metadata" WHERE "ar_internal_metadata"."key" = ? LIMIT ?[0m  [["key", "environment"], ["LIMIT", 1]]
  ↳ bin/rails:9
  [1m[35m (0.1ms)[0m  [1m[36mbegin transaction[0m
  ↳ bin/rails:9
  [1m[35m (0.1ms)[0m  [1m[36mcommit transaction[0m
  ↳ bin/rails:9
  [1m[35m (0.2ms)[0m  [1m[34mSELECT "schema_migrations"."version" FROM "schema_migrations" ORDER BY "schema_migrations"."version" ASC[0m
  ↳ bin/rails:9
